<?xml version="1.0" encoding="UTF-8"?>
<!-- Generated by org.testng.reporters.JUnitReportReporter -->
<testsuite hostname="LAPTOP-6LMMRF07" failures="0" tests="1" name="tests.DummyTwoTest" time="7.643" errors="0" timestamp="2024-08-08T15:41:52 IST" skipped="0">
  <testcase classname="tests.DummyTwoTest" name="testTwo" time="7.643"/>
  <system-out/>
</testsuite> <!-- tests.DummyTwoTest -->
