<?xml version="1.0" encoding="UTF-8"?>
<!-- Generated by org.testng.reporters.JUnitReportReporter -->
<testsuite hostname="LAPTOP-6LMMRF07" failures="0" tests="2" name="tests.LoginTest" time="31.386" errors="0" timestamp="2024-08-08T15:41:52 IST" skipped="0">
  <testcase classname="tests.LoginTest" name="login" time="12.956"/>
  <system-out/>
  <testcase classname="tests.LoginTest" name="login" time="18.430"/>
  <system-out/>
</testsuite> <!-- tests.LoginTest -->
