<?xml version="1.0" encoding="UTF-8"?>
<!-- Generated by org.testng.reporters.JUnitReportReporter -->
<testsuite hostname="LAPTOP-6LMMRF07" failures="0" tests="2" name="tests.LoginTest" time="28.863" errors="0" timestamp="2024-08-08T13:22:35 IST" skipped="0">
  <testcase classname="tests.LoginTest" name="login" time="10.610"/>
  <testcase classname="tests.LoginTest" name="login" time="18.253"/>
</testsuite> <!-- tests.LoginTest -->
