<?xml version="1.0" encoding="UTF-8"?>
<!-- Generated by org.testng.reporters.JUnitReportReporter -->
<testsuite hostname="LAPTOP-6LMMRF07" failures="0" tests="1" name="tests.DummyTwoTest" time="0.000" errors="0" timestamp="2024-08-08T13:22:35 IST" skipped="0">
  <testcase classname="tests.DummyTwoTest" name="testTwo" time="0.000"/>
</testsuite> <!-- tests.DummyTwoTest -->
